----  HTTP Request  ----
Time   : 2025-07-29 16:18:09
Method : PUT
URI    : /restaurants/6/menu/test
Body   : {
  "item_id": 17
}
-----------------------
----  HTTP Response  ----
Time   : 2025-07-29 16:18:09
Body   : {
  "message": "Food item added to restaurant menu successfully"
}
-----------------------
----  HTTP Request  ----
Time   : 2025-07-29 16:18:09
Method : GET
URI    : /restaurants/6/menu/test
Body   : null
-----------------------
----  HTTP Response  ----
Time   : 2025-07-29 16:18:09
Body   : {
  "menu": {
    "title": "test",
    "items": [
      {
        "id": 17,
        "name": "mast",
        "description": "mast",
        "price": 5.0,
        "supply": 50,
        "keywords": [
          "mast",
          "charb"
        ],
        "rating": 0
      },
      {
        "id": 17,
        "name": "mast",
        "description": "mast",
        "price": 5.0,
        "supply": 50,
        "keywords": [
          "mast",
          "charb"
        ],
        "rating": 0
      }
    ]
  }
}
-----------------------
----  HTTP Request  ----
Time   : 2025-07-29 16:18:09
Method : GET
URI    : /restaurants/6/menu/test
Body   : null
-----------------------
----  HTTP Response  ----
Time   : 2025-07-29 16:18:09
Body   : {
  "menu": {
    "title": "test",
    "items": [
      {
        "id": 17,
        "name": "mast",
        "description": "mast",
        "price": 5.0,
        "supply": 50,
        "keywords": [
          "mast",
          "charb"
        ],
        "rating": 0
      },
      {
        "id": 17,
        "name": "mast",
        "description": "mast",
        "price": 5.0,
        "supply": 50,
        "keywords": [
          "mast",
          "charb"
        ],
        "rating": 0
      }
    ]
  }
}
-----------------------
----  HTTP Request  ----
Time   : 2025-07-29 16:18:25
Method : GET
URI    : /restaurants/6/items
Body   : null
-----------------------
----  HTTP Response  ----
Time   : 2025-07-29 16:18:25
Body   : {
  "Restaurant items": [
    {
      "id": 16,
      "name": "berun",
      "description": "hamash gooshte",
      "price": 30.0,
      "supply": 50,
      "keywords": [
        "beryn"
      ],
      "rating": 0.0
    },
    {
      "id": 17,
      "name": "mast",
      "description": "mast",
      "price": 5.0,
      "supply": 50,
      "keywords": [
        "mast",
        "charb"
      ],
      "rating": 0.0
    },
    {
      "id": 18,
      "name": "piyaz",
      "description": "piyaz",
      "price": 2.0,
      "supply": 10,
      "keywords": [
        "piyaz"
      ],
      "rating": 0.0
    },
    {
      "id": 19,
      "name": "khorshtmast",
      "description": "zarde !",
      "price": 12.0,
      "supply": 30,
      "keywords": [
        "khorsht",
        "mast"
      ],
      "rating": 0.0
    }
  ]
}
-----------------------
----  HTTP Request  ----
Time   : 2025-07-29 16:18:28
Method : PUT
URI    : /restaurants/6/menu/test
Body   : {
  "item_id": 17
}
-----------------------
----  HTTP Response  ----
Time   : 2025-07-29 16:18:28
Body   : {
  "error": "Conflict occurred",
  "message": "This item already exists in this menu"
}
-----------------------
----  HTTP Request  ----
Time   : 2025-07-29 16:18:30
Method : PUT
URI    : /restaurants/6/menu/test
Body   : {
  "item_id": 18
}
-----------------------
----  HTTP Response  ----
Time   : 2025-07-29 16:18:30
Body   : {
  "message": "Food item added to restaurant menu successfully"
}
-----------------------
----  HTTP Request  ----
Time   : 2025-07-29 16:18:30
Method : GET
URI    : /restaurants/6/menu/test
Body   : null
-----------------------
----  HTTP Response  ----
Time   : 2025-07-29 16:18:30
Body   : {
  "menu": {
    "title": "test",
    "items": [
      {
        "id": 17,
        "name": "mast",
        "description": "mast",
        "price": 5.0,
        "supply": 50,
        "keywords": [
          "mast",
          "charb"
        ],
        "rating": 0
      },
      {
        "id": 18,
        "name": "piyaz",
        "description": "piyaz",
        "price": 2.0,
        "supply": 10,
        "keywords": [
          "piyaz"
        ],
        "rating": 0
      }
    ]
  }
}
-----------------------
----  HTTP Request  ----
Time   : 2025-07-29 16:18:30
Method : GET
URI    : /restaurants/6/menu/test
Body   : null
-----------------------
----  HTTP Response  ----
Time   : 2025-07-29 16:18:30
Body   : {
  "menu": {
    "title": "test",
    "items": [
      {
        "id": 17,
        "name": "mast",
        "description": "mast",
        "price": 5.0,
        "supply": 50,
        "keywords": [
          "mast",
          "charb"
        ],
        "rating": 0
      },
      {
        "id": 18,
        "name": "piyaz",
        "description": "piyaz",
        "price": 2.0,
        "supply": 10,
        "keywords": [
          "piyaz"
        ],
        "rating": 0
      }
    ]
  }
}
-----------------------
----  HTTP Request  ----
Time   : 2025-07-29 16:18:31
Method : GET
URI    : /restaurants/6/items
Body   : null
-----------------------
----  HTTP Response  ----
Time   : 2025-07-29 16:18:31
Body   : {
  "Restaurant items": [
    {
      "id": 16,
      "name": "berun",
      "description": "hamash gooshte",
      "price": 30.0,
      "supply": 50,
      "keywords": [
        "beryn"
      ],
      "rating": 0.0
    },
    {
      "id": 17,
      "name": "mast",
      "description": "mast",
      "price": 5.0,
      "supply": 50,
      "keywords": [
        "mast",
        "charb"
      ],
      "rating": 0.0
    },
    {
      "id": 18,
      "name": "piyaz",
      "description": "piyaz",
      "price": 2.0,
      "supply": 10,
      "keywords": [
        "piyaz"
      ],
      "rating": 0.0
    },
    {
      "id": 19,
      "name": "khorshtmast",
      "description": "zarde !",
      "price": 12.0,
      "supply": 30,
      "keywords": [
        "khorsht",
        "mast"
      ],
      "rating": 0.0
    }
  ]
}
-----------------------
----  HTTP Request  ----
Time   : 2025-07-29 16:18:33
Method : PUT
URI    : /restaurants/6/menu/test
Body   : {
  "item_id": 18
}
-----------------------
----  HTTP Response  ----
Time   : 2025-07-29 16:18:33
Body   : {
  "error": "Conflict occurred",
  "message": "This item already exists in this menu"
}
-----------------------
----  HTTP Request  ----
Time   : 2025-07-29 16:18:34
Method : PUT
URI    : /restaurants/6/menu/test
Body   : {
  "item_id": 19
}
-----------------------
----  HTTP Response  ----
Time   : 2025-07-29 16:18:34
Body   : {
  "message": "Food item added to restaurant menu successfully"
}
-----------------------
----  HTTP Request  ----
Time   : 2025-07-29 16:18:34
Method : GET
URI    : /restaurants/6/menu/test
Body   : null
-----------------------
----  HTTP Response  ----
Time   : 2025-07-29 16:18:34
Body   : {
  "menu": {
    "title": "test",
    "items": [
      {
        "id": 17,
        "name": "mast",
        "description": "mast",
        "price": 5.0,
        "supply": 50,
        "keywords": [
          "mast",
          "charb"
        ],
        "rating": 0
      },
      {
        "id": 18,
        "name": "piyaz",
        "description": "piyaz",
        "price": 2.0,
        "supply": 10,
        "keywords": [
          "piyaz"
        ],
        "rating": 0
      },
      {
        "id": 19,
        "name": "khorshtmast",
        "description": "zarde !",
        "price": 12.0,
        "supply": 30,
        "keywords": [
          "khorsht",
          "mast"
        ],
        "rating": 0
      }
    ]
  }
}
-----------------------
----  HTTP Request  ----
Time   : 2025-07-29 16:18:34
Method : GET
URI    : /restaurants/6/menu/test
Body   : null
-----------------------
----  HTTP Response  ----
Time   : 2025-07-29 16:18:34
Body   : {
  "menu": {
    "title": "test",
    "items": [
      {
        "id": 17,
        "name": "mast",
        "description": "mast",
        "price": 5.0,
        "supply": 50,
        "keywords": [
          "mast",
          "charb"
        ],
        "rating": 0
      },
      {
        "id": 18,
        "name": "piyaz",
        "description": "piyaz",
        "price": 2.0,
        "supply": 10,
        "keywords": [
          "piyaz"
        ],
        "rating": 0
      },
      {
        "id": 19,
        "name": "khorshtmast",
        "description": "zarde !",
        "price": 12.0,
        "supply": 30,
        "keywords": [
          "khorsht",
          "mast"
        ],
        "rating": 0
      }
    ]
  }
}
-----------------------
----  HTTP Request  ----
Time   : 2025-07-29 16:18:38
Method : DELETE
URI    : /restaurants/6/menu/test/19
Body   : null
-----------------------
----  HTTP Response  ----
Time   : 2025-07-29 16:18:38
Body   : {
  "message": "Item removed from restaurant menu successfully"
}
-----------------------
----  HTTP Request  ----
Time   : 2025-07-29 16:18:40
Method : DELETE
URI    : /restaurants/6/menu/test/17
Body   : null
-----------------------
----  HTTP Response  ----
Time   : 2025-07-29 16:18:40
Body   : {
  "message": "Item removed from restaurant menu successfully"
}
-----------------------
----  HTTP Request  ----
Time   : 2025-07-29 16:18:41
Method : DELETE
URI    : /restaurants/6/menu/test/18
Body   : null
-----------------------
----  HTTP Response  ----
Time   : 2025-07-29 16:18:41
Body   : {
  "message": "Item removed from restaurant menu successfully"
}
-----------------------
----  HTTP Request  ----
Time   : 2025-07-29 16:18:42
Method : GET
URI    : /restaurants/6/items
Body   : null
-----------------------
----  HTTP Response  ----
Time   : 2025-07-29 16:18:42
Body   : {
  "Restaurant items": [
    {
      "id": 16,
      "name": "berun",
      "description": "hamash gooshte",
      "price": 30.0,
      "supply": 50,
      "keywords": [
        "beryn"
      ],
      "rating": 0.0
    },
    {
      "id": 17,
      "name": "mast",
      "description": "mast",
      "price": 5.0,
      "supply": 50,
      "keywords": [
        "mast",
        "charb"
      ],
      "rating": 0.0
    },
    {
      "id": 18,
      "name": "piyaz",
      "description": "piyaz",
      "price": 2.0,
      "supply": 10,
      "keywords": [
        "piyaz"
      ],
      "rating": 0.0
    },
    {
      "id": 19,
      "name": "khorshtmast",
      "description": "zarde !",
      "price": 12.0,
      "supply": 30,
      "keywords": [
        "khorsht",
        "mast"
      ],
      "rating": 0.0
    }
  ]
}
-----------------------
----  HTTP Request  ----
Time   : 2025-07-29 16:18:44
Method : PUT
URI    : /restaurants/6/menu/test
Body   : {
  "item_id": 18
}
-----------------------
----  HTTP Response  ----
Time   : 2025-07-29 16:18:44
Body   : {
  "message": "Food item added to restaurant menu successfully"
}
-----------------------
----  HTTP Request  ----
Time   : 2025-07-29 16:18:44
Method : PUT
URI    : /restaurants/6/menu/test
Body   : {
  "item_id": 19
}
-----------------------
----  HTTP Response  ----
Time   : 2025-07-29 16:18:44
Body   : {
  "message": "Food item added to restaurant menu successfully"
}
-----------------------
----  HTTP Request  ----
Time   : 2025-07-29 16:18:44
Method : GET
URI    : /restaurants/6/menu/test
Body   : null
-----------------------
----  HTTP Response  ----
Time   : 2025-07-29 16:18:44
Body   : {
  "menu": {
    "title": "test",
    "items": [
      {
        "id": 18,
        "name": "piyaz",
        "description": "piyaz",
        "price": 2.0,
        "supply": 10,
        "keywords": [
          "piyaz"
        ],
        "rating": 0
      },
      {
        "id": 19,
        "name": "khorshtmast",
        "description": "zarde !",
        "price": 12.0,
        "supply": 30,
        "keywords": [
          "khorsht",
          "mast"
        ],
        "rating": 0
      }
    ]
  }
}
-----------------------
----  HTTP Request  ----
Time   : 2025-07-29 16:18:44
Method : GET
URI    : /restaurants/6/menu/test
Body   : null
-----------------------
----  HTTP Response  ----
Time   : 2025-07-29 16:18:44
Body   : {
  "menu": {
    "title": "test",
    "items": [
      {
        "id": 18,
        "name": "piyaz",
        "description": "piyaz",
        "price": 2.0,
        "supply": 10,
        "keywords": [
          "piyaz"
        ],
        "rating": 0
      },
      {
        "id": 19,
        "name": "khorshtmast",
        "description": "zarde !",
        "price": 12.0,
        "supply": 30,
        "keywords": [
          "khorsht",
          "mast"
        ],
        "rating": 0
      }
    ]
  }
}
-----------------------
HTTP server running on port 4567 ...
Started Logging At   : 2025-07-29 16:20:52
----  HTTP Request  ----
Time   : 2025-07-29 16:20:59
Method : GET
URI    : /auth/profile
Body   : null
-----------------------
----  HTTP Response  ----
Time   : 2025-07-29 16:20:59
Body   : {
  "Current user profile": {
    "id": 3,
    "full_name": "seller1",
    "phone": "09190000001",
    "email": "seler1@gmail.com",
    "role": "seller",
    "address": "shiraz",
    "bank_info": {
      "bank_name": "mellat",
      "account_number": "12345"
    }
  }
}
-----------------------
----  HTTP Request  ----
Time   : 2025-07-29 16:20:59
Method : GET
URI    : /auth/profile
Body   : null
-----------------------
----  HTTP Response  ----
Time   : 2025-07-29 16:20:59
Body   : {
  "Current user profile": {
    "id": 3,
    "full_name": "seller1",
    "phone": "09190000001",
    "email": "seler1@gmail.com",
    "role": "seller",
    "address": "shiraz",
    "bank_info": {
      "bank_name": "mellat",
      "account_number": "12345"
    }
  }
}
-----------------------
----  HTTP Request  ----
Time   : 2025-07-29 16:21:00
Method : GET
URI    : /restaurants/mine
Body   : null
-----------------------
----  HTTP Response  ----
Time   : 2025-07-29 16:21:00
Body   : {
  "List of restaurants": [
    {
      "id": 1,
      "seller_id": 3,
      "name": "restaurant1-seller1",
      "address": "Tehran, tajrish",
      "phone": "02100000011",
      "logoBase64": "IMAGE",
      "tax_fee": 30.0,
      "additional_fee": 200.0
    },
    {
      "id": 2,
      "seller_id": 3,
      "name": "restaurant2-seller1",
      "address": "Tehran",
      "phone": "02100000012",
      "tax_fee": 50.0,
      "additional_fee": 60.0
    },
    {
      "id": 4,
      "seller_id": 3,
      "name": "restaurant3-seller1",
      "address": "Shiraz",
      "phone": "02100000011",
      "logoBase64": "IMAGE-change",
      "tax_fee": 40.0,
      "additional_fee": 20.0
    },
    {
      "id": 5,
      "seller_id": 3,
      "name": "res-test4",
      "address": "tehran",
      "phone": "image1",
      "tax_fee": 50.0,
      "additional_fee": 87.0
    },
    {
      "id": 6,
      "seller_id": 3,
      "name": "Sonati isfahan",
      "address": "isfahan",
      "phone": "02122445565",
      "tax_fee": 3.0,
      "additional_fee": 20.0
    }
  ]
}
-----------------------
----  HTTP Request  ----
Time   : 2025-07-29 16:21:02
Method : GET
URI    : /restaurants/6/items
Body   : null
-----------------------
----  HTTP Response  ----
Time   : 2025-07-29 16:21:02
Body   : {
  "Restaurant items": [
    {
      "id": 16,
      "name": "berun",
      "description": "hamash gooshte",
      "price": 30.0,
      "supply": 50,
      "keywords": [
        "beryn"
      ],
      "rating": 0.0
    },
    {
      "id": 17,
      "name": "mast",
      "description": "mast",
      "price": 5.0,
      "supply": 50,
      "keywords": [
        "mast",
        "charb"
      ],
      "rating": 0.0
    },
    {
      "id": 18,
      "name": "piyaz",
      "description": "piyaz",
      "price": 2.0,
      "supply": 10,
      "keywords": [
        "piyaz"
      ],
      "rating": 0.0
    },
    {
      "id": 19,
      "name": "khorshtmast",
      "description": "zarde !",
      "price": 12.0,
      "supply": 30,
      "keywords": [
        "khorsht",
        "mast"
      ],
      "rating": 0.0
    }
  ]
}
-----------------------
----  HTTP Request  ----
Time   : 2025-07-29 16:21:04
Method : GET
URI    : /restaurants/6/menus
Body   : null
-----------------------
----  HTTP Response  ----
Time   : 2025-07-29 16:21:04
Body   : {
  "Restaurant menus": [
    {
      "title": "berun",
      "items": [
        {
          "id": 16,
          "name": "berun",
          "description": "hamash gooshte",
          "price": 30.0,
          "supply": 50,
          "keywords": [
            "beryn"
          ],
          "rating": 0
        },
        {
          "id": 17,
          "name": "mast",
          "description": "mast",
          "price": 5.0,
          "supply": 50,
          "keywords": [
            "mast",
            "charb"
          ],
          "rating": 0
        },
        {
          "id": 19,
          "name": "khorshtmast",
          "description": "zarde !",
          "price": 12.0,
          "supply": 30,
          "keywords": [
            "khorsht",
            "mast"
          ],
          "rating": 0
        }
      ]
    },
    {
      "title": "pish ghaza",
      "items": [
        {
          "id": 16,
          "name": "berun",
          "description": "hamash gooshte",
          "price": 30.0,
          "supply": 50,
          "keywords": [
            "beryn"
          ],
          "rating": 0
        },
        {
          "id": 17,
          "name": "mast",
          "description": "mast",
          "price": 5.0,
          "supply": 50,
          "keywords": [
            "mast",
            "charb"
          ],
          "rating": 0
        },
        {
          "id": 18,
          "name": "piyaz",
          "description": "piyaz",
          "price": 2.0,
          "supply": 10,
          "keywords": [
            "piyaz"
          ],
          "rating": 0
        },
        {
          "id": 19,
          "name": "khorshtmast",
          "description": "zarde !",
          "price": 12.0,
          "supply": 30,
          "keywords": [
            "khorsht",
            "mast"
          ],
          "rating": 0
        }
      ]
    },
    {
      "title": "test",
      "items": [
        {
          "id": 18,
          "name": "piyaz",
          "description": "piyaz",
          "price": 2.0,
          "supply": 10,
          "keywords": [
            "piyaz"
          ],
          "rating": 0
        },
        {
          "id": 19,
          "name": "khorshtmast",
          "description": "zarde !",
          "price": 12.0,
          "supply": 30,
          "keywords": [
            "khorsht",
            "mast"
          ],
          "rating": 0
        }
      ]
    }
  ]
}
-----------------------
----  HTTP Request  ----
Time   : 2025-07-29 16:21:04
Method : GET
URI    : /restaurants/6/menu/berun
Body   : null
-----------------------
----  HTTP Response  ----
Time   : 2025-07-29 16:21:04
Body   : {
  "menu": {
    "title": "berun",
    "items": [
      {
        "id": 16,
        "name": "berun",
        "description": "hamash gooshte",
        "price": 30.0,
        "supply": 50,
        "keywords": [
          "beryn"
        ],
        "rating": 0
      },
      {
        "id": 17,
        "name": "mast",
        "description": "mast",
        "price": 5.0,
        "supply": 50,
        "keywords": [
          "mast",
          "charb"
        ],
        "rating": 0
      },
      {
        "id": 19,
        "name": "khorshtmast",
        "description": "zarde !",
        "price": 12.0,
        "supply": 30,
        "keywords": [
          "khorsht",
          "mast"
        ],
        "rating": 0
      }
    ]
  }
}
-----------------------
----  HTTP Request  ----
Time   : 2025-07-29 16:21:04
Method : GET
URI    : /restaurants/6/menu/pish%20ghaza
Body   : null
-----------------------
----  HTTP Response  ----
Time   : 2025-07-29 16:21:04
Body   : {
  "menu": {
    "title": "pish ghaza",
    "items": [
      {
        "id": 16,
        "name": "berun",
        "description": "hamash gooshte",
        "price": 30.0,
        "supply": 50,
        "keywords": [
          "beryn"
        ],
        "rating": 0
      },
      {
        "id": 17,
        "name": "mast",
        "description": "mast",
        "price": 5.0,
        "supply": 50,
        "keywords": [
          "mast",
          "charb"
        ],
        "rating": 0
      },
      {
        "id": 18,
        "name": "piyaz",
        "description": "piyaz",
        "price": 2.0,
        "supply": 10,
        "keywords": [
          "piyaz"
        ],
        "rating": 0
      },
      {
        "id": 19,
        "name": "khorshtmast",
        "description": "zarde !",
        "price": 12.0,
        "supply": 30,
        "keywords": [
          "khorsht",
          "mast"
        ],
        "rating": 0
      }
    ]
  }
}
-----------------------
----  HTTP Request  ----
Time   : 2025-07-29 16:21:04
Method : GET
URI    : /restaurants/6/menu/test
Body   : null
-----------------------
----  HTTP Response  ----
Time   : 2025-07-29 16:21:04
Body   : {
  "menu": {
    "title": "test",
    "items": [
      {
        "id": 18,
        "name": "piyaz",
        "description": "piyaz",
        "price": 2.0,
        "supply": 10,
        "keywords": [
          "piyaz"
        ],
        "rating": 0
      },
      {
        "id": 19,
        "name": "khorshtmast",
        "description": "zarde !",
        "price": 12.0,
        "supply": 30,
        "keywords": [
          "khorsht",
          "mast"
        ],
        "rating": 0
      }
    ]
  }
}
-----------------------
----  HTTP Request  ----
Time   : 2025-07-29 16:21:07
Method : DELETE
URI    : /restaurants/6/menu/test/18
Body   : null
-----------------------
----  HTTP Response  ----
Time   : 2025-07-29 16:21:07
Body   : {
  "message": "Item removed from restaurant menu successfully"
}
-----------------------
----  HTTP Request  ----
Time   : 2025-07-29 16:21:09
Method : DELETE
URI    : /restaurants/6/menu/test/19
Body   : null
-----------------------
----  HTTP Response  ----
Time   : 2025-07-29 16:21:09
Body   : {
  "message": "Item removed from restaurant menu successfully"
}
-----------------------
----  HTTP Request  ----
Time   : 2025-07-29 16:21:09
Method : GET
URI    : /restaurants/6/items
Body   : null
-----------------------
----  HTTP Response  ----
Time   : 2025-07-29 16:21:10
Body   : {
  "Restaurant items": [
    {
      "id": 16,
      "name": "berun",
      "description": "hamash gooshte",
      "price": 30.0,
      "supply": 50,
      "keywords": [
        "beryn"
      ],
      "rating": 0.0
    },
    {
      "id": 17,
      "name": "mast",
      "description": "mast",
      "price": 5.0,
      "supply": 50,
      "keywords": [
        "mast",
        "charb"
      ],
      "rating": 0.0
    },
    {
      "id": 18,
      "name": "piyaz",
      "description": "piyaz",
      "price": 2.0,
      "supply": 10,
      "keywords": [
        "piyaz"
      ],
      "rating": 0.0
    },
    {
      "id": 19,
      "name": "khorshtmast",
      "description": "zarde !",
      "price": 12.0,
      "supply": 30,
      "keywords": [
        "khorsht",
        "mast"
      ],
      "rating": 0.0
    }
  ]
}
-----------------------
----  HTTP Request  ----
Time   : 2025-07-29 16:21:12
Method : PUT
URI    : /restaurants/6/menu/test
Body   : {
  "item_id": 18
}
-----------------------
----  HTTP Response  ----
Time   : 2025-07-29 16:21:12
Body   : {
  "message": "Food item added to restaurant menu successfully"
}
-----------------------
----  HTTP Request  ----
Time   : 2025-07-29 16:21:12
Method : GET
URI    : /restaurants/6/menu/test
Body   : null
-----------------------
----  HTTP Response  ----
Time   : 2025-07-29 16:21:12
Body   : {
  "menu": {
    "title": "test",
    "items": [
      {
        "id": 18,
        "name": "piyaz",
        "description": "piyaz",
        "price": 2.0,
        "supply": 10,
        "keywords": [
          "piyaz"
        ],
        "rating": 0
      }
    ]
  }
}
-----------------------
----  HTTP Request  ----
Time   : 2025-07-29 16:21:12
Method : GET
URI    : /restaurants/6/menu/test
Body   : null
-----------------------
----  HTTP Response  ----
Time   : 2025-07-29 16:21:12
Body   : {
  "menu": {
    "title": "test",
    "items": [
      {
        "id": 18,
        "name": "piyaz",
        "description": "piyaz",
        "price": 2.0,
        "supply": 10,
        "keywords": [
          "piyaz"
        ],
        "rating": 0
      }
    ]
  }
}
-----------------------
